<?xml version="1.0" encoding="UTF-8"?>
<coverage generated="1602536587279" clover="3.2.0">
  <project timestamp="1602536587279" name="All files">
    <metrics statements="21" coveredstatements="14" conditionals="1" coveredconditionals="1" methods="5" coveredmethods="3" elements="27" coveredelements="18" complexity="0" loc="21" ncloc="21" packages="1" files="1" classes="1"/>
    <file name="cards.js" path="/Users/josecarpio/projects/patchwords/scripts/cards.js">
      <metrics statements="21" coveredstatements="14" conditionals="1" coveredconditionals="1" methods="5" coveredmethods="3"/>
      <line num="2" count="5" type="stmt"/>
      <line num="3" count="5" type="stmt"/>
      <line num="4" count="5" type="stmt"/>
      <line num="5" count="5" type="stmt"/>
      <line num="6" count="5" type="stmt"/>
      <line num="7" count="5" type="stmt"/>
      <line num="11" count="0" type="stmt"/>
      <line num="13" count="0" type="stmt"/>
      <line num="14" count="0" type="stmt"/>
      <line num="15" count="0" type="stmt"/>
      <line num="16" count="0" type="stmt"/>
      <line num="18" count="0" type="stmt"/>
      <line num="20" count="0" type="stmt"/>
      <line num="24" count="2" type="stmt"/>
      <line num="25" count="2" type="stmt"/>
      <line num="26" count="2" type="stmt"/>
      <line num="30" count="1" type="stmt"/>
      <line num="31" count="1" type="stmt"/>
      <line num="32" count="1" type="stmt"/>
      <line num="34" count="1" type="stmt"/>
      <line num="37" count="1" type="stmt"/>
    </file>
  </project>
</coverage>
